2022-12-22 15:55:37:5537 - [32minfo[39m: [32mAplicação está rodando na porta: 3000[39m 
2022-12-22 15:56:02:562 - [32minfo[39m: [32mAplicação está rodando na porta: 3000[39m 
2022-12-22 15:58:18:5818 - [32minfo[39m: [32mAplicação está rodando na porta: 3000[39m 
2022-12-22 15:59:04:594 - [32minfo[39m: [32mAplicação está rodando na porta: 3000[39m 
2022-12-22 16:00:09:09 - [32minfo[39m: [32mConectou ao banco de dados[39m 
2022-12-22 16:00:09:09 - [32minfo[39m: [32mAplicação está rodando na porta: 3000[39m 
2022-12-22 16:00:35:035 - [32minfo[39m: [32mConectou ao banco de dados[39m 
2022-12-22 16:00:35:035 - [32minfo[39m: [32mAplicação está rodando na porta: 3000[39m 
2022-12-22 16:00:54:054 - [32minfo[39m: [32mConectou ao banco de dados[39m 
2022-12-22 16:00:54:054 - [32minfo[39m: [32mAplicação está rodando na porta: 3000[39m 
2022-12-22 16:00:57:057 - [31merror[39m: [31mNão foi Possivel Conectar[39m 
2022-12-22 16:00:57:057 - [31merror[39m: [31mInvalid scheme, expected connection string to start with "mongodb://" or "mongodb+srv://"[39m 
2022-12-22 16:00:57:057 - [32minfo[39m: [32mAplicação está rodando na porta: 3000[39m 
2022-12-22 16:01:13:113 - [32minfo[39m: [32mConectou ao banco de dados[39m 
2022-12-22 16:01:13:113 - [32minfo[39m: [32mAplicação está rodando na porta: 3000[39m 
2022-12-22 16:01:36:136 - [32minfo[39m: [32mConectou ao banco de dados[39m 
2022-12-22 16:01:36:136 - [32minfo[39m: [32mAplicação está rodando na porta: 3000[39m 
2022-12-22 16:11:10:1110 - [32minfo[39m: [32mConectou ao banco de dados[39m 
2022-12-22 16:11:10:1110 - [32minfo[39m: [32mAplicação está rodando na porta: 3000[39m 
2022-12-22 16:11:53:1153 - [32minfo[39m: [32mConectou ao banco de dados[39m 
2022-12-22 16:11:53:1153 - [32minfo[39m: [32mAplicação está rodando na porta: 3000[39m 
2022-12-22 16:12:50:1250 - [32minfo[39m: [32mConectou ao banco de dados[39m 
2022-12-22 16:12:50:1250 - [32minfo[39m: [32mAplicação está rodando na porta: 3000[39m 
2022-12-22 16:12:53:1253 - [35mhttp[39m: [35mGET /api/teste -[39m
[35m[39m 
2022-12-22 22:12:26:1226 - [32minfo[39m: [32mConectou ao banco de dados[39m 
2022-12-22 22:12:26:1226 - [32minfo[39m: [32mAplicação está rodando na porta: 3000[39m 
2022-12-22 22:13:42:1342 - [35mhttp[39m: [35mPOST /api/movie -[39m
[35m[39m 
2022-12-22 22:15:53:1553 - [32minfo[39m: [32mConectou ao banco de dados[39m 
2022-12-22 22:15:53:1553 - [32minfo[39m: [32mAplicação está rodando na porta: 3000[39m 
2022-12-22 22:17:38:1738 - [32minfo[39m: [32mConectou ao banco de dados[39m 
2022-12-22 22:17:38:1738 - [32minfo[39m: [32mAplicação está rodando na porta: 3000[39m 
2022-12-22 22:18:45:1845 - [32minfo[39m: [32mConectou ao banco de dados[39m 
2022-12-22 22:18:45:1845 - [32minfo[39m: [32mAplicação está rodando na porta: 3000[39m 
2022-12-22 22:19:30:1930 - [32minfo[39m: [32mConectou ao banco de dados[39m 
2022-12-22 22:19:30:1930 - [32minfo[39m: [32mAplicação está rodando na porta: 3000[39m 
2022-12-22 22:19:43:1943 - [32minfo[39m: [32mConectou ao banco de dados[39m 
2022-12-22 22:19:43:1943 - [32minfo[39m: [32mAplicação está rodando na porta: 3000[39m 
2022-12-22 22:21:04:214 - [35mhttp[39m: [35mPOST /api/movie -[39m
[35m[39m 
2022-12-22 22:29:42:2942 - [32minfo[39m: [32mConectou ao banco de dados[39m 
2022-12-22 22:29:42:2942 - [32minfo[39m: [32mAplicação está rodando na porta: 3000[39m 
2022-12-22 22:30:07:307 - [32minfo[39m: [32mConectou ao banco de dados[39m 
2022-12-22 22:30:07:307 - [32minfo[39m: [32mAplicação está rodando na porta: 3000[39m 
2022-12-22 22:30:55:3055 - [32minfo[39m: [32mConectou ao banco de dados[39m 
2022-12-22 22:30:55:3055 - [32minfo[39m: [32mAplicação está rodando na porta: 3000[39m 
2022-12-22 22:31:48:3148 - [32minfo[39m: [32mConectou ao banco de dados[39m 
2022-12-22 22:31:48:3148 - [32minfo[39m: [32mAplicação está rodando na porta: 3000[39m 
2022-12-22 22:31:50:3150 - [35mhttp[39m: [35mPOST /api/movie -[39m
[35m[39m 
2022-12-22 22:31:57:3157 - [35mhttp[39m: [35mGET /api/teste -[39m
[35m[39m 
2022-12-22 22:34:47:3447 - [32minfo[39m: [32mConectou ao banco de dados[39m 
2022-12-22 22:34:47:3447 - [32minfo[39m: [32mAplicação está rodando na porta: 3000[39m 
2022-12-22 22:36:11:3611 - [35mhttp[39m: [35mGET /api/teste -[39m
[35m[39m 
2022-12-22 22:36:16:3616 - [35mhttp[39m: [35mPOST /api/movie -[39m
[35m[39m 
2022-12-22 22:36:39:3639 - [35mhttp[39m: [35mPOST /api/movie -[39m
[35m[39m 
2022-12-22 22:37:01:371 - [35mhttp[39m: [35mPOST /api/movie -[39m
[35m[39m 
2022-12-22 22:37:33:3733 - [35mhttp[39m: [35mPOST /api/mo -[39m
[35m[39m 
2022-12-22 22:37:37:3737 - [35mhttp[39m: [35mPOST /api/mo -[39m
[35m[39m 
2022-12-22 22:37:48:3748 - [35mhttp[39m: [35mPOST /api/movie -[39m
[35m[39m 
2022-12-22 22:38:44:3844 - [32minfo[39m: [32mConectou ao banco de dados[39m 
2022-12-22 22:38:44:3844 - [32minfo[39m: [32mAplicação está rodando na porta: 3000[39m 
2022-12-22 22:38:49:3849 - [35mhttp[39m: [35mPOST /api/movie -[39m
[35m[39m 
2022-12-22 22:39:14:3914 - [32minfo[39m: [32mConectou ao banco de dados[39m 
2022-12-22 22:39:14:3914 - [32minfo[39m: [32mAplicação está rodando na porta: 3000[39m 
2022-12-22 22:39:19:3919 - [35mhttp[39m: [35mPOST /api/movie -[39m
[35m[39m 
2022-12-22 22:39:53:3953 - [32minfo[39m: [32mConectou ao banco de dados[39m 
2022-12-22 22:39:53:3953 - [32minfo[39m: [32mAplicação está rodando na porta: 3000[39m 
2022-12-22 22:40:18:4018 - [35mhttp[39m: [35mPOST /api/movie -[39m
[35m[39m 
2022-12-22 22:41:27:4127 - [32minfo[39m: [32mConectou ao banco de dados[39m 
2022-12-22 22:41:27:4127 - [32minfo[39m: [32mAplicação está rodando na porta: 3000[39m 
2022-12-22 22:41:49:4149 - [32minfo[39m: [32mConectou ao banco de dados[39m 
2022-12-22 22:41:49:4149 - [32minfo[39m: [32mAplicação está rodando na porta: 3000[39m 
2022-12-22 22:41:54:4154 - [35mhttp[39m: [35mPOST /api/movie -[39m
[35m[39m 
2022-12-22 22:42:02:422 - [35mhttp[39m: [35mPOST /api/movie -[39m
[35m[39m 
2022-12-22 22:42:31:4231 - [35mhttp[39m: [35mPOST /api/movie -[39m
[35m[39m 
2022-12-22 22:42:31:4231 - [32minfo[39m: [32mConectou ao banco de dados[39m 
2022-12-22 22:42:31:4231 - [32minfo[39m: [32mAplicação está rodando na porta: 3000[39m 
2022-12-22 22:44:43:4443 - [32minfo[39m: [32mConectou ao banco de dados[39m 
2022-12-22 22:44:43:4443 - [32minfo[39m: [32mAplicação está rodando na porta: 3000[39m 
2022-12-22 22:45:57:4557 - [32minfo[39m: [32mConectou ao banco de dados[39m 
2022-12-22 22:45:57:4557 - [32minfo[39m: [32mAplicação está rodando na porta: 3000[39m 
2022-12-22 22:46:26:4626 - [35mhttp[39m: [35mPOST /api/movie -[39m
[35m[39m 
2022-12-22 22:46:43:4643 - [35mhttp[39m: [35mPOST /api/movie -[39m
[35m[39m 
2022-12-22 22:46:52:4652 - [35mhttp[39m: [35mPOST /api/movie -[39m
[35m[39m 
2022-12-22 22:48:36:4836 - [32minfo[39m: [32mConectou ao banco de dados[39m 
2022-12-22 22:48:36:4836 - [32minfo[39m: [32mAplicação está rodando na porta: 3000[39m 
2022-12-22 22:48:47:4847 - [35mhttp[39m: [35mPOST /api/movie -[39m
[35m[39m 
2022-12-22 22:48:57:4857 - [35mhttp[39m: [35mPOST /api/movie -[39m
[35m[39m 
2022-12-22 22:50:42:5042 - [32minfo[39m: [32mConectou ao banco de dados[39m 
2022-12-22 22:50:42:5042 - [32minfo[39m: [32mAplicação está rodando na porta: 3000[39m 
2022-12-22 22:51:00:510 - [32minfo[39m: [32mConectou ao banco de dados[39m 
2022-12-22 22:51:00:510 - [32minfo[39m: [32mAplicação está rodando na porta: 3000[39m 
2022-12-22 22:51:01:511 - [35mhttp[39m: [35mPOST /api/movie -[39m
[35m[39m 
2022-12-22 22:51:38:5138 - [35mhttp[39m: [35mPOST /api/movie -[39m
[35m[39m 
2022-12-22 22:52:09:529 - [32minfo[39m: [32mConectou ao banco de dados[39m 
2022-12-22 22:52:09:529 - [32minfo[39m: [32mAplicação está rodando na porta: 3000[39m 
2022-12-22 22:52:45:5245 - [32minfo[39m: [32mConectou ao banco de dados[39m 
2022-12-22 22:52:45:5245 - [32minfo[39m: [32mAplicação está rodando na porta: 3000[39m 
2022-12-22 22:53:00:530 - [35mhttp[39m: [35mPOST /api/movie -[39m
[35m[39m 
2022-12-22 22:53:06:536 - [32minfo[39m: [32mConectou ao banco de dados[39m 
2022-12-22 22:53:06:536 - [32minfo[39m: [32mAplicação está rodando na porta: 3000[39m 
2022-12-22 22:53:45:5345 - [35mhttp[39m: [35mPOST /api/movie -[39m
[35m[39m 
2022-12-22 22:54:41:5441 - [32minfo[39m: [32mConectou ao banco de dados[39m 
2022-12-22 22:54:41:5441 - [32minfo[39m: [32mAplicação está rodando na porta: 3000[39m 
2022-12-22 22:55:03:553 - [32minfo[39m: [32mConectou ao banco de dados[39m 
2022-12-22 22:55:03:553 - [32minfo[39m: [32mAplicação está rodando na porta: 3000[39m 
2022-12-22 22:55:05:555 - [35mhttp[39m: [35mPOST /api/movie -[39m
[35m[39m 
2022-12-22 22:57:20:5720 - [35mhttp[39m: [35mPOST /api/movie -[39m
[35m[39m 
2022-12-22 23:00:16:016 - [32minfo[39m: [32mConectou ao banco de dados[39m 
2022-12-22 23:00:16:016 - [32minfo[39m: [32mAplicação está rodando na porta: 3000[39m 
2022-12-22 23:01:45:145 - [32minfo[39m: [32mConectou ao banco de dados[39m 
2022-12-22 23:01:45:145 - [32minfo[39m: [32mAplicação está rodando na porta: 3000[39m 
2022-12-22 23:02:47:247 - [32minfo[39m: [32mConectou ao banco de dados[39m 
2022-12-22 23:02:47:247 - [32minfo[39m: [32mAplicação está rodando na porta: 3000[39m 
2022-12-22 23:02:52:252 - [35mhttp[39m: [35mGET /api -[39m
[35m[39m 
2022-12-22 23:03:14:314 - [35mhttp[39m: [35mGET /api/121212152 -[39m
[35m[39m 
2022-12-22 23:03:29:329 - [31merror[39m: [31mErro no sistema: Cast to ObjectId failed for value "0445454" (type string) at path "_id" for model "Movie"[39m 
2022-12-22 23:04:12:412 - [35mhttp[39m: [35mGET /api/movie/0445454 -[39m
[35m[39m 
2022-12-22 23:04:31:431 - [31merror[39m: [31mErro no sistema: Cast to ObjectId failed for value "1154545012132121" (type string) at path "_id" for model "Movie"[39m 
2022-12-22 23:04:43:443 - [35mhttp[39m: [35mPOST /api/movie -[39m
[35m[39m 
2022-12-22 23:04:49:449 - [35mhttp[39m: [35mPOST /api/movie -[39m
[35m[39m 
2022-12-22 23:04:55:455 - [35mhttp[39m: [35mGET /api/movie/1154545012132121 -[39m
[35m[39m 
2022-12-22 23:05:12:512 - [31merror[39m: [31mErro no sistema: Cast to ObjectId failed for value "1154545012132121" (type string) at path "_id" for model "Movie"[39m 
2022-12-22 23:05:18:518 - [32minfo[39m: [32mConectou ao banco de dados[39m 
2022-12-22 23:05:18:518 - [32minfo[39m: [32mAplicação está rodando na porta: 3000[39m 
2022-12-22 23:05:44:544 - [32minfo[39m: [32mConectou ao banco de dados[39m 
2022-12-22 23:05:44:544 - [32minfo[39m: [32mAplicação está rodando na porta: 3000[39m 
2022-12-22 23:05:50:550 - [31merror[39m: [31mErro no sistema: Cast to ObjectId failed for value "1154545012132121" (type string) at path "_id" for model "Movie"[39m 
2022-12-22 23:06:28:628 - [35mhttp[39m: [35mGET /api/movie/1154545012132121 -[39m
[35m[39m 
2022-12-22 23:06:53:653 - [32minfo[39m: [32mConectou ao banco de dados[39m 
2022-12-22 23:06:53:653 - [32minfo[39m: [32mAplicação está rodando na porta: 3000[39m 
2022-12-22 23:07:11:711 - [31merror[39m: [31mErro no sistema: Cast to ObjectId failed for value "1154545012132121" (type string) at path "_id" for model "Movie"[39m 
2022-12-22 23:07:17:717 - [32minfo[39m: [32mConectou ao banco de dados[39m 
2022-12-22 23:07:17:717 - [32minfo[39m: [32mAplicação está rodando na porta: 3000[39m 
2022-12-22 23:08:36:836 - [32minfo[39m: [32mConectou ao banco de dados[39m 
2022-12-22 23:08:36:836 - [32minfo[39m: [32mAplicação está rodando na porta: 3000[39m 
2022-12-22 23:08:44:844 - [31merror[39m: [31mErro no sistema: Cast to ObjectId failed for value "1154545012132121" (type string) at path "_id" for model "Movie"[39m 
2022-12-22 23:08:50:850 - [35mhttp[39m: [35mGET /api/movie/1154545012132121 -[39m
[35m[39m 
2022-12-22 23:08:53:853 - [32minfo[39m: [32mConectou ao banco de dados[39m 
2022-12-22 23:08:53:853 - [32minfo[39m: [32mAplicação está rodando na porta: 3000[39m 
2022-12-22 23:09:28:928 - [35mhttp[39m: [35mGET /api/movie/63a50cc1f175f9cb259adf97 -[39m
[35m[39m 
2022-12-22 23:09:57:957 - [35mhttp[39m: [35mGET /api/movie/63a50cc1f175f9cb259adf98 -[39m
[35m[39m 
2022-12-22 23:10:04:104 - [31merror[39m: [31mErro no sistema: Cast to ObjectId failed for value "63a50cc1f175f9cb259ad" (type string) at path "_id" for model "Movie"[39m 
2022-12-22 23:10:10:1010 - [35mhttp[39m: [35mGET /api/movie/63a50cc1f175f9cb259ad -[39m
[35m[39m 
2022-12-22 23:10:15:1015 - [35mhttp[39m: [35mGET /api/movie/63a50cc1f175f9cb259adf97 -[39m
[35m[39m 
2022-12-22 23:12:10:1210 - [32minfo[39m: [32mConectou ao banco de dados[39m 
2022-12-22 23:12:10:1210 - [32minfo[39m: [32mAplicação está rodando na porta: 3000[39m 
2022-12-22 23:12:56:1256 - [32minfo[39m: [32mConectou ao banco de dados[39m 
2022-12-22 23:12:56:1256 - [32minfo[39m: [32mAplicação está rodando na porta: 3000[39m 
2022-12-22 23:13:21:1321 - [32minfo[39m: [32mConectou ao banco de dados[39m 
2022-12-22 23:13:21:1321 - [32minfo[39m: [32mAplicação está rodando na porta: 3000[39m 
2022-12-22 23:13:24:1324 - [35mhttp[39m: [35mGET /api/movie/ -[39m
[35m[39m 
2022-12-22 23:18:27:1827 - [32minfo[39m: [32mConectou ao banco de dados[39m 
2022-12-22 23:18:27:1827 - [32minfo[39m: [32mAplicação está rodando na porta: 3000[39m 
2022-12-22 23:20:36:2036 - [32minfo[39m: [32mConectou ao banco de dados[39m 
2022-12-22 23:20:36:2036 - [32minfo[39m: [32mAplicação está rodando na porta: 3000[39m 
2022-12-22 23:21:23:2123 - [35mhttp[39m: [35mDELETE /api/movie/63a504fd34e7f959a45c818a -[39m
[35m[39m 
2022-12-22 23:21:26:2126 - [35mhttp[39m: [35mGET /api/movie/ -[39m
[35m[39m 
2022-12-22 23:21:32:2132 - [35mhttp[39m: [35mDELETE /api/movie/63a506c61d53be1cd7274261 -[39m
[35m[39m 
2022-12-22 23:21:35:2135 - [35mhttp[39m: [35mGET /api/movie/ -[39m
[35m[39m 
2022-12-22 23:21:43:2143 - [35mhttp[39m: [35mDELETE /api/movie/63a5075a690e508702047a75 -[39m
[35m[39m 
2022-12-22 23:21:47:2147 - [35mhttp[39m: [35mGET /api/movie/ -[39m
[35m[39m 
2022-12-22 23:23:15:2315 - [32minfo[39m: [32mConectou ao banco de dados[39m 
2022-12-22 23:23:15:2315 - [32minfo[39m: [32mAplicação está rodando na porta: 3000[39m 
2022-12-22 23:23:28:2328 - [32minfo[39m: [32mConectou ao banco de dados[39m 
2022-12-22 23:23:28:2328 - [32minfo[39m: [32mAplicação está rodando na porta: 3000[39m 
2022-12-22 23:23:47:2347 - [32minfo[39m: [32mConectou ao banco de dados[39m 
2022-12-22 23:23:47:2347 - [32minfo[39m: [32mAplicação está rodando na porta: 3000[39m 
2022-12-22 23:24:16:2416 - [32minfo[39m: [32mConectou ao banco de dados[39m 
2022-12-22 23:24:16:2416 - [32minfo[39m: [32mAplicação está rodando na porta: 3000[39m 
2022-12-22 23:24:58:2458 - [32minfo[39m: [32mConectou ao banco de dados[39m 
2022-12-22 23:24:58:2458 - [32minfo[39m: [32mAplicação está rodando na porta: 3000[39m 
2022-12-22 23:25:56:2556 - [35mhttp[39m: [35mPATCH /api/movie/63a5075a690e508702047a75 -[39m
[35m[39m 
2022-12-22 23:26:27:2627 - [35mhttp[39m: [35mPATCH /api/movie/63a5075a690e508702047a75 -[39m
[35m[39m 
2022-12-22 23:26:51:2651 - [35mhttp[39m: [35mPATCH /apimovie/63a5075a690e508702047a75 -[39m
[35m[39m 
2022-12-22 23:27:02:272 - [35mhttp[39m: [35mPATCH /api/movie/63a5075a690e508702047a75 -[39m
[35m[39m 
2022-12-22 23:28:19:2819 - [35mhttp[39m: [35mPATCH /api/movie/63a5075a690e508702047a75 -[39m
[35m[39m 
2022-12-22 23:28:25:2825 - [32minfo[39m: [32mConectou ao banco de dados[39m 
2022-12-22 23:28:25:2825 - [32minfo[39m: [32mAplicação está rodando na porta: 3000[39m 
2022-12-22 23:28:27:2827 - [35mhttp[39m: [35mGET /api/movie/ -[39m
[35m[39m 
2022-12-22 23:28:52:2852 - [35mhttp[39m: [35mDELETE /api/movie/63a50a29944d9a3f5a12fbb6 -[39m
[35m[39m 
2022-12-22 23:29:12:2912 - [35mhttp[39m: [35mPATCH /api/movie/63a50a29944d9a3f5a12fbb6 -[39m
[35m[39m 
2022-12-22 23:29:53:2953 - [32minfo[39m: [32mConectou ao banco de dados[39m 
2022-12-22 23:29:53:2953 - [32minfo[39m: [32mAplicação está rodando na porta: 3000[39m 
2022-12-22 23:29:54:2954 - [35mhttp[39m: [35mPATCH /api/movie/63a50a29944d9a3f5a12fbb6 -[39m
[35m[39m 
2022-12-22 23:30:00:300 - [35mhttp[39m: [35mPATCH /api/movie/63a50a29944d9a3f5a12fbb7 -[39m
[35m[39m 
2022-12-22 23:30:18:3018 - [32minfo[39m: [32mConectou ao banco de dados[39m 
2022-12-22 23:30:18:3018 - [32minfo[39m: [32mAplicação está rodando na porta: 3000[39m 
2022-12-22 23:31:07:317 - [32minfo[39m: [32mConectou ao banco de dados[39m 
2022-12-22 23:31:07:317 - [32minfo[39m: [32mAplicação está rodando na porta: 3000[39m 
2022-12-22 23:31:33:3133 - [32minfo[39m: [32mConectou ao banco de dados[39m 
2022-12-22 23:31:33:3133 - [32minfo[39m: [32mAplicação está rodando na porta: 3000[39m 
2022-12-22 23:32:00:320 - [32minfo[39m: [32mConectou ao banco de dados[39m 
2022-12-22 23:32:00:320 - [32minfo[39m: [32mAplicação está rodando na porta: 3000[39m 
2022-12-22 23:32:39:3239 - [32minfo[39m: [32mConectou ao banco de dados[39m 
2022-12-22 23:32:39:3239 - [32minfo[39m: [32mAplicação está rodando na porta: 3000[39m 
2022-12-22 23:32:43:3243 - [35mhttp[39m: [35mGET /api/movie/ -[39m
[35m[39m 
2022-12-22 23:33:53:3353 - [35mhttp[39m: [35mPATCH /api/movie/63a50cc1f175f9cb259adf97 -[39m
[35m[39m 
2022-12-22 23:33:59:3359 - [35mhttp[39m: [35mGET /api/movie/ -[39m
[35m[39m 
2022-12-22 23:34:43:3443 - [32minfo[39m: [32mConectou ao banco de dados[39m 
2022-12-22 23:34:43:3443 - [32minfo[39m: [32mAplicação está rodando na porta: 3000[39m 
2022-12-22 23:34:47:3447 - [35mhttp[39m: [35mPATCH /api/movie/63a50cc1f175f9cb259adf97 -[39m
[35m[39m 
2022-12-22 23:34:55:3455 - [35mhttp[39m: [35mPATCH /api/movie/63a50cc1f175f9cb259adf97 -[39m
[35m[39m 
